0:100  0:100  MemLog inited, TSC freq: 1605577520
0:100  0:000  CPU was calibrated with RTC
0:100  0:000  
0:100  0:000  Now is 11.3.2018,  19:20:31 (GMT)
0:100  0:000  Starting Clover revision: 4417 on INSYDE Corp. EFI
0:100  0:000  Build with: [Args: -mc --no-usb -D NO_GRUB_DRIVERS_EMBEDDED -t XCODE8 | -D DISABLE_USB_SUPPORT -D NO_GRUB_DRIVERS_EMBEDDED --conf=/Users/vagrant/src/edk2/Conf -D USE_BIOS_BLOCKIO -D USE_LOW_EBDA -a X64 -b RELEASE -t XCODE8 -n 3 | OS: 10.13.3 | XCODE: 9.3]
0:100  0:000  SelfDevicePath=PciRoot(0x0)\Pci(0x14,0x0)\USB(0xE,0x0)\HD(1,MBR,0x001BBB43,0x400,0x64800) @7AB51798
0:100  0:000  SelfDirPath = \EFI\BOOT
0:100  0:000  === [ Get Smbios ] ========================================
0:113  0:013  Type 16 Index = 0
0:113  0:000  Total Memory Slots Count = 2
0:113  0:000  Type 17 Index = 0
0:113  0:000  SmbiosTable.Type17->Speed = 1867MHz
0:113  0:000  SmbiosTable.Type17->Size = 2048MB
0:113  0:000  SmbiosTable.Type17->Bank/Device = BANK 0 ChannelA-DIMM0
0:113  0:000  SmbiosTable.Type17->Vendor = SK Hynix
0:113  0:000  SmbiosTable.Type17->SerialNumber = 00000000
0:113  0:000  SmbiosTable.Type17->PartNumber = 9CCNNNBKTMLBR-NUD 
0:113  0:000  Type 17 Index = 1
0:113  0:000  SmbiosTable.Type17->Speed = 1867MHz
0:113  0:000  SmbiosTable.Type17->Size = 2048MB
0:113  0:000  SmbiosTable.Type17->Bank/Device = BANK 2 ChannelB-DIMM0
0:113  0:000  SmbiosTable.Type17->Vendor = SK Hynix
0:113  0:000  SmbiosTable.Type17->SerialNumber = 00000000
0:113  0:000  SmbiosTable.Type17->PartNumber = 9CCNNNBKTMLBR-NUD 
0:113  0:000  Boot status=0
0:113  0:000  Running on: 'TM1607' with board 'TM1607'
0:113  0:000  === [ GetCPUProperties ] ==================================
0:113  0:000  CPU Vendor = 756E6547 Model=806E9
0:113  0:000   The CPU supported SSE4.1
0:113  0:000  BrandString = Intel(R) Core(TM) m3-7Y30 CPU @ 1.00GHz
0:113  0:000   The CPU supported turbo
0:113  0:000  MSR 0x35               20004
0:113  0:000   TSC/CCC Information Leaf:
0:113  0:000    numerator     : 134
0:113  0:000    denominator   : 2
0:113  0:000   Calibrated ARTFrequency: 23963843
0:113  0:000  MSR 0xE2 before patch 7E008007
0:113  0:000  MSR 0xE2 is locked, PM patches will be turned on
0:113  0:000  MSR 0xCE              0004043D_F1011000
0:113  0:000  corrected FLEX_RATIO = 0
0:113  0:000  MSR 0x1B0             00000000
0:113  0:000  FSBFrequency = 69 MHz, DMI FSBFrequency = 100 MHz, Corrected FSBFrequency = 100 MHz
0:113  0:000  MaxDiv/MinDiv: 16.0/4
0:113  0:000  Turbo: 24/24/24/26
0:113  0:000  Features: 0xBFEBFBFF
0:113  0:000  Threads: 4
0:113  0:000  Cores: 2
0:113  0:000  FSB: 100 MHz
0:113  0:000  CPU: 1100 MHz
0:113  0:000  TSC: 1100 MHz
0:113  0:000  PIS: 100 MHz
0:113  0:000  ExternalClock: 25 MHz
0:113  0:000  === [ GetDevices ] ========================================
0:113  0:000  PCI (00|00:00.00) : 8086 590C class=060000
0:113  0:000  PCI (00|00:02.00) : 8086 591E class=030000
0:113  0:000   - GFX: Model=Intel HD Graphics 615 (Intel)
0:113  0:000  PCI (00|00:04.00) : 8086 1903 class=118000
0:114  0:000  PCI (00|00:08.00) : 8086 1911 class=088000
0:114  0:000  PCI (00|00:14.00) : 8086 9D2F class=0C0330
0:114  0:000  PCI (00|00:15.00) : 8086 9D60 class=118000
0:114  0:000  PCI (00|00:16.00) : 8086 9D3A class=078000
0:114  0:000  PCI (00|00:17.00) : 8086 9D03 class=010601
0:114  0:000  PCI (00|00:1D.00) : 8086 9D18 class=060400
0:114  0:000  PCI (00|01:00.00) : 8086 24FD class=028000
0:114  0:000   - WIFI: Vendor=Intel
0:114  0:000  PCI (00|00:1F.00) : 8086 9D56 class=060100
0:114  0:000  PCI (00|00:1F.02) : 8086 9D21 class=058000
0:114  0:000  PCI (00|00:1F.03) : 8086 9D71 class=040300
0:114  0:000  PCI (00|00:1F.04) : 8086 9D23 class=0C0500
0:114  0:000  === [ GetDefaultSettings ] ================================
0:114  0:000  Clover load options size = 0 bytes
0:133  0:019  EFI\CLOVER\config.plist loaded: Success
0:151  0:017  === [ GetListOfThemes ] ===================================
0:154  0:003  - [00]: embedded
0:156  0:002  - [00]: Hackintosh-Forum.de
0:162  0:005  - [01]: random
0:164  0:002  === [ Found config plists ] ===============================
0:164  0:000  - config.plist
0:164  0:000  === [ GetEarlyUserSettings ] ==============================
0:164  0:000  timeout set to 4
0:165  0:000  Custom boot CUSTOM_BOOT_DISABLED (0x0)
0:211  0:046  KextsToPatch: 4 requested
0:235  0:023   - [00]:  com.apple.iokit.IOGraphicsFamily (Boot graphics glitch 10.12.x (IGPUs)) :: MatchOS: 10.13.x :: BinPatch :: data len: 5
0:373  0:138   - [01]: AppleAPIC (Skylake APIC fix) :: BinPatch :: data len: 6
0:470  0:096   - [02]: com.apple.driver.AppleBacklight (AppleBacklightInjector.kext (credit RehabMan)) :: BinPatch :: data len: 9
0:565  0:095   - [03]: AppleAHCIPort (External icons patch) :: BinPatch :: data len: 8
0:664  0:099  KernelToPatch: 3 requested
0:688  0:023   - [00]: MSR 0xE2 _xcpm_idle instant reboot :: data len: 8
0:762  0:074   - [01]: Disable panic kext logging on 10.13 Debug kernel :: MatchOS: 10.13 :: data len: 6
0:858  0:095   - [02]: Disable panic kext logging on 10.13 Release kernel :: MatchOS: 10.13 :: data len: 6
0:963  0:105  Default theme: Hackintosh-Forum.de
0:987  0:023  === [ LoadDrivers ] =======================================
1:996  1:009  Loading apfs_patched.efi  status=Success
2:087  0:090   - driver needs connecting
2:110  0:023  Loading AppleImageCodec-64.efi  status=Success
2:195  0:084  Loading AppleKeyAggregator-64.efi  status=Success
2:269  0:074  Loading AppleUITheme-64.efi  status=Success
2:345  0:076  Loading AptioMemoryFix.efi  status=Success
2:421  0:075  Loading CsmVideoDxe-64.efi  status=Success
2:499  0:077   - driver needs connecting
2:522  0:023  Loading DataHubDxe-64.efi  status=Success
2:604  0:081  Loading FirmwareVolume-64.efi  status=Success
2:678  0:073  Loading FSInject-64.efi  status=Success
2:756  0:077  Loading PartitionDxe-64.efi  status=Success
2:830  0:074   - driver needs connecting
2:853  0:023  Loading SMCHelper-64.efi  status=Success
2:929  0:075  Loading VBoxHfs-64.efi  status=Success
3:003  0:073   - driver needs connecting
3:027  0:023  Loading HFSPlus.efi  status=Success
3:107  0:080   - driver needs connecting
3:131  0:023  5 drivers needs connecting ...
3:163  0:032  PlatformDriverOverrideProtocol->GetDriver overriden
3:187  0:024  Partition driver loaded: 
3:238  0:050  HFS+ driver loaded
3:261  0:023  APFS driver loaded
3:293  0:032  Video driver loaded: disconnect Success
3:750  0:456  Searching for invalid DiskIo BY_DRIVER connects: not found, all ok
4:910  1:160  === [ InitScreen ] ========================================
5:950  1:039  SetScreenResolution: 1920x1080 - already set
6:000  0:050  Console modes reported: 7, available modes:
6:024  0:023   - [01]: 80x25
6:048  0:023   - [02]: 80x50
6:071  0:023   - [03]: 80x25
6:095  0:023   - [04]: 240x56 (current mode)
6:123  0:027   - [05]: 100x31
6:147  0:024   - [06]: 128x40
6:171  0:024   - [07]: 160x53
6:195  0:024  SetScreenResolution: 1920x1080 - already set
6:243  0:047  reinit: self device path=PciRoot(0x0)\Pci(0x14,0x0)\USB(0xE,0x0)\HD(1,MBR,0x001BBB43,0x400,0x64800)
6:269  0:026  Using embedded font: Success
6:296  0:026  === [ GetMacAddress ] =====================================
7:260  0:964   get legacy LAN MAC, 0 card found
7:284  0:023  === [ ScanSPD ] ===========================================
8:401  1:117  SMBus device : 8086 9D23 class=0C0500 status=Success
8:433  0:031  SMBus CmdReg: 0x3
8:457  0:023  Scanning SMBus [8086:9D23], mmio: 0xB1136004, ioport: 0x3040, hostc: 0x11
8:481  0:023  Slots to scan [8]...
8:505  0:024  === [ GetAcpiTablesList ] =================================
9:398  0:892  Get Acpi Tables List from RSDT:
9:448  0:049   - [00]: FACP  XMCC1607 len=268
9:472  0:024   - [01]: UEFI  XMCC1607 len=566
9:496  0:023   - [02]: UEFI  XMCC1607 len=66
9:519  0:023   - [03]: MSDM  XMCC1607 len=85
9:543  0:023   - [04]: SSDT  XMCC1607 len=1219
9:567  0:024   - [05]: SSDT  XMCC1607 len=70
9:595  0:027   - [06]: TPM2  XMCC1607 len=52
9:619  0:024   - [07]: SSDT  XMCC1607 len=12592
9:643  0:023   - [08]: SSDT  XMCC1607 len=15212
9:667  0:023   - [09]: ASF!  XMCC1607 len=165
9:691  0:023   - [10]: ASPT  XMCC1607 len=52
9:714  0:023   - [11]: BOOT  XMCC1607 len=40
9:749  0:034   - [12]: DBGP  XMCC1607 len=52
9:775  0:025   - [13]: HPET  XMCC1607 len=56
9:799  0:023   - [14]: APIC  XMCC1607 len=188
9:831  0:031   - [15]: MCFG  XMCC1607 len=60
9:854  0:023   - [16]: SSDT  XMCC1607 len=995
9:878  0:023   - [17]: SSDT  XMCC1607 len=444
9:905  0:026   - [18]: LPIT  XMCC1607 len=148
9:929  0:024   - [19]: WSMT  XMCC1607 len=40
9:953  0:023   - [20]: SSDT  XMCC1607 len=671
9:976  0:023   - [21]: SSDT  XMCC1607 len=838
10:000  0:023   - [22]: SSDT  XMCC1607 len=12290
10:024  0:023   - [23]: SSDT  XMCC1607 len=1310
10:051  0:027   - [24]: DBGP  XMCC1607 len=52
10:075  0:023   - [25]: DBG2  XMCC1607 len=84
10:098  0:023   - [26]: SSDT  XMCC1607 len=4272
10:122  0:023   - [27]: SSDT  XMCC1607 len=3806
10:146  0:023   - [28]: DMAR  XMCC1607 len=204
10:170  0:023   - [29]: FPDT  XMCC1607 len=68
10:195  0:025   - [30]: BGRT  XMCC1607 len=56
10:219  0:024  Calibrated TSC Frequency = 1605577520 = 1605MHz
10:244  0:024  === [ GetUserSettings ] ===================================
11:164  0:920  USB FixOwnership: no
11:187  0:023  Dropping 3 tables:
11:211  0:023   - [00]: Drop table  signature="#MCF" (46434D23)
11:413  0:201           - set table: 46434D23,                0 to drop: no
11:472  0:058   - [01]: Drop table  signature="DMAR" (52414D44)
11:664  0:191           - set table: 52414D44,                0 to drop: yes
11:713  0:049   - [02]: Drop table  signature="SSDT" (54445353) table-id="xh_rvp10" (30317076725F6878)
12:163  0:449           - set table: 54445353, 30317076725F6878 to drop: no
12:211  0:047   - final DSDT Fix mask=20008000
12:235  0:023  EnableC7: no
12:258  0:023  EnableC6: no
12:282  0:023  EnableC4: no
12:308  0:025  EnableC2: no
12:331  0:023  Using ProductName from config: MacBook10,1
12:355  0:024  Found same BiosVersion in clover and config
12:379  0:023  BiosVersion: MB101.88Z.0160.B00.1802080958
12:403  0:023  BiosReleaseDate: 02/08/2018
12:427  0:023  Using FirmwareFeatures from config: 0xFC0FE13F
12:452  0:025  Using FirmwareFeaturesMask from config: 0xFF1FFF3F
12:476  0:024  Board-ID set from config as Mac-EE2EBD4B90B839A8
12:500  0:023  BoardType: 0xA
12:531  0:031  ChassisType: 0x9
12:566  0:034  Converted CustomUUID 2FD8B2CD-3AEE-49B0-89B9-8552C66F612C
14:328  1:761  === [ ScanVolumes ] =======================================
15:546  1:218  Found 8 volumes with blockIO
15:570  0:023  - [00]: Volume: PciRoot(0x0)\Pci(0x17,0x0)\Sata(0x1,0x0,0x0)
15:634  0:063  - [01]: Volume: PciRoot(0x0)\Pci(0x17,0x0)\Sata(0x1,0x0,0x0)\HD(1,GPT,E76AC968-684C-46DE-9C38-DD2B6FD912F7,0x800,0xF9800)
15:682  0:048          Result of bootcode detection: bootable Windows (vista,win)
15:706  0:023  - [02]: Volume: PciRoot(0x0)\Pci(0x17,0x0)\Sata(0x1,0x0,0x0)\HD(2,GPT,BDF8E7A7-7E30-4001-BE18-4E415E298B9B,0xFA000,0x32000)
15:757  0:051          Result of bootcode detection: bootable Windows (vista,win)
15:782  0:024  - [03]: Volume: PciRoot(0x0)\Pci(0x17,0x0)\Sata(0x1,0x0,0x0)\HD(3,GPT,4C76CBCE-7AE3-4146-BCCF-457B6AF1792F,0x12C000,0x8000)
15:831  0:049  - [04]: Volume: PciRoot(0x0)\Pci(0x17,0x0)\Sata(0x1,0x0,0x0)\HD(4,GPT,CAC47BBC-0072-442F-9E93-A09988A39590,0x134000,0xED48000)
15:887  0:056          Result of bootcode detection: bootable Windows (vista,win)
15:914  0:026  - [05]: Volume: PciRoot(0x0)\Pci(0x14,0x0)\USB(0xE,0x0)
15:963  0:048          Result of bootcode detection: bootable unknown (legacy)
15:986  0:023          USB volume
16:010  0:023  - [06]: Volume: PciRoot(0x0)\Pci(0x14,0x0)\USB(0xE,0x0)\HD(1,MBR,0x001BBB43,0x400,0x64800)
16:062  0:052          Result of bootcode detection: bootable unknown (legacy)
16:086  0:024          USB volume
16:110  0:023          This is SelfVolume !!
16:134  0:023  - [07]: Volume: PciRoot(0x0)\Pci(0x14,0x0)\USB(0xE,0x0)\HD(2,MBR,0x001BBB43,0x64C00,0xD3B800)
16:182  0:048          USB volume
16:218  0:036  === [ InitTheme ] =========================================
17:284  1:065  Using theme 'Hackintosh-Forum.de' (EFI\CLOVER\themes\Hackintosh-Forum.de)
17:307  0:023  OS main and drive as badge
17:349  0:041  Loading font from ThemeDir: Success
17:374  0:024  Choosing theme Hackintosh-Forum.de
17:398  0:023  found boot-args in NVRAM:kext-dev-mode=1 rootless=0, size=27
17:433  0:035  ...found arg:kext-dev-mode=1
17:457  0:023  ...adding arg:kext-dev-mode=1
17:480  0:023  ...found arg:rootless=0
17:504  0:023  ...adding arg:rootless=0
17:528  0:024  after NVRAM boot-args=nv_disable=1 kext-dev-mode=1 rootless=0 
17:552  0:023  === [ Dump SMC keys from NVRAM ] ==========================
18:244  0:692  found AppleSMC protocol
18:293  0:049  Registered 18 SMC keys
18:318  0:024  === [ ScanLoader ] ========================================
19:357  1:039  - [02]: 'EFI'
19:406  0:049          AddLoaderEntry for Volume Name=EFI
19:443  0:037  - [06]: 'CLOVER'
19:491  0:047  - [07]: 'Install 10.13.3'
19:542  0:051          AddLoaderEntry for Volume Name=Install 10.13.3
19:580  0:038  === [ AddCustomTool ] =====================================
20:551  0:970  found tool \EFI\CLOVER\tools\Shell64U.efi
20:575  0:023  Checking EFI partition Volume 2 for Clover
20:601  0:026  === [ GetEfiBootDeviceFromNvram ] =========================
21:275  0:674  Default boot entry not found
21:299  0:023  DefaultIndex=-1 and MainMenu.EntryCount=7
21:932  0:632  GUI ready
29:815  7:882  Found UEFI Acpi 2.0 RSDP at 8CEFD014
29:842  0:027  Saving ACPI tables from RSDP 8CEFD014 to EFI\CLOVER\ACPI\origin ...
29:865  0:023   8CEFD014: 'RSD PTR ', Rev: 2 (Acpi 2.0 or newer), Len: 36 -> RSDP.aml
30:038  0:172    (Xsdt: 8CEBF188, Rsdt: 8CEBF0C4)
30:062  0:023    8CEBF188: 'XSDT', 'XMCC1607', Rev: 1, Len: 284 -> XSDT.aml
30:210  0:148    8CEBF0C4: 'RSDT', 'XMCC1607', Rev: 1, Len: 160 -> RSDT.aml
30:368  0:157    Tables in Xsdt: 31
30:391  0:023    0. 8CEEA000: 'FACP', 'XMCC1607', Rev: 5, Len: 268 -> FACP.aml
30:541  0:149        (Dsdt: 8CEC4000, Facs: 8CE5B000, XDsdt: 8CEC4000, XFacs: 0)
30:615  0:073        8CEC4000: 'DSDT', 'XMCC1607', Rev: 2, Len: 141468 -> DSDT.aml
30:782  0:167        8CE5B000: 'FACS', Ver: 2, Len: 64 -> FACS.aml
30:916  0:133    1. 8CEFC000: 'UEFI', 'XMCC1607', Rev: 1, Len: 566 -> UEFI.aml
31:066  0:149    2. 8CEFB000: 'UEFI', 'XMCC1607', Rev: 1, Len: 66 -> UEFI.aml
31:254  0:188    3. 8CEFA000: 'MSDM', 'XMCC1607', Rev: 3, Len: 85 -> MSDM.aml
31:402  0:148    4. 8CEF9000: 'SSDT', 'XMCC1607', Rev: 2, Len: 1219 -> SSDT-0.aml
31:560  0:157    5. 8CEF8000: 'SSDT', 'XMCC1607', Rev: 2, Len: 70 -> SSDT-1.aml
31:709  0:148    6. 8CEF7000: 'TPM2', 'XMCC1607', Rev: 3, Len: 52 -> TPM2.aml
31:859  0:150    7. 8CEF3000: 'SSDT', 'XMCC1607', Rev: 2, Len: 12592 -> SSDT-2.aml
32:017  0:158    8. 8CEEF000: 'SSDT', 'XMCC1607', Rev: 2, Len: 15212 -> SSDT-3.aml
32:165  0:148    9. 8CEEE000: 'ASF!', 'XMCC1607', Rev: 32, Len: 165 -> ASF!.aml
32:314  0:149    10. 8CEED000: 'ASPT', 'XMCC1607', Rev: 7, Len: 52 -> ASPT.aml
32:463  0:148    11. 8CEEC000: 'BOOT', 'XMCC1607', Rev: 1, Len: 40 -> BOOT.aml
32:617  0:153    12. 8CEEB000: 'DBGP', 'XMCC1607', Rev: 1, Len: 52 -> DBGP.aml
32:765  0:148    13. 8CEE9000: 'HPET', 'XMCC1607', Rev: 1, Len: 56 -> HPET.aml
32:914  0:148    14. 8CEE8000: 'APIC', 'XMCC1607', Rev: 3, Len: 188 -> APIC.aml
33:071  0:157    15. 8CEE7000: 'MCFG', 'XMCC1607', Rev: 1, Len: 60 -> MCFG.aml
33:224  0:153    16. 8CEC3000: 'SSDT', 'XMCC1607', Rev: 2, Len: 995 -> SSDT-4.aml
33:373  0:148    17. 8CEC2000: 'SSDT', 'XMCC1607', Rev: 2, Len: 444 -> SSDT-5.aml
33:522  0:148    18. 8CEC1000: 'LPIT', 'XMCC1607', Rev: 1, Len: 148 -> LPIT.aml
33:675  0:153    19. 8CEC0000: 'WSMT', 'XMCC1607', Rev: 1, Len: 40 -> WSMT.aml
33:824  0:149    20. 8CEBE000: 'SSDT', 'XMCC1607', Rev: 2, Len: 671 -> SSDT-6.aml
33:973  0:148    21. 8CEBD000: 'SSDT', 'XMCC1607', Rev: 1, Len: 838 -> SSDT-7.aml
34:121  0:148    22. 8CEB9000: 'SSDT', 'XMCC1607', Rev: 2, Len: 12290 -> SSDT-8.aml
34:283  0:161    23. 8CEB8000: 'SSDT', 'XMCC1607', Rev: 2, Len: 1310 -> SSDT-9.aml
34:433  0:149    24. 8CEB7000: 'DBGP', 'XMCC1607', Rev: 1, Len: 52 -> DBGP.aml
34:611  0:178    25. 8CEB6000: 'DBG2', 'XMCC1607', Rev: 0, Len: 84 -> DBG2.aml
34:781  0:170    26. 8CEB4000: 'SSDT', 'XMCC1607', Rev: 2, Len: 4272 -> SSDT-10.aml
34:934  0:152    27. 8CEB3000: 'SSDT', 'XMCC1607', Rev: 2, Len: 3806 -> SSDT-11.aml
35:105  0:170    28. 8CEB2000: 'DMAR', 'XMCC1607', Rev: 1, Len: 204 -> DMAR.aml
35:257  0:151    29. 8CEB1000: 'FPDT', 'XMCC1607', Rev: 1, Len: 68 -> FPDT.aml
35:418  0:161    30. 8CEB0000: 'BGRT', 'XMCC1607', Rev: 1, Len: 56 -> BGRT.aml
35:571  0:153    Tables in Rsdt: 31
35:595  0:023    0. 8CEEA000: 'FACP', 'XMCC1607', Rev: 5, Len: 268
35:668  0:073        (Dsdt: 8CEC4000, Facs: 8CE5B000, XDsdt: 8CEC4000, XFacs: 0)
35:740  0:072        8CEC4000: 'DSDT', 'XMCC1607', Rev: 2, Len: 141468
35:818  0:077        8CE5B000: 'FACS', Ver: 2, Len: 64
35:866  0:047    1. 8CEFC000: 'UEFI', 'XMCC1607', Rev: 1, Len: 566
35:949  0:083    2. 8CEFB000: 'UEFI', 'XMCC1607', Rev: 1, Len: 66
36:021  0:072    3. 8CEFA000: 'MSDM', 'XMCC1607', Rev: 3, Len: 85
36:098  0:076    4. 8CEF9000: 'SSDT', 'XMCC1607', Rev: 2, Len: 1219
36:169  0:071    5. 8CEF8000: 'SSDT', 'XMCC1607', Rev: 2, Len: 70
36:243  0:073    6. 8CEF7000: 'TPM2', 'XMCC1607', Rev: 3, Len: 52
36:314  0:071    7. 8CEF3000: 'SSDT', 'XMCC1607', Rev: 2, Len: 12592
36:396  0:082    8. 8CEEF000: 'SSDT', 'XMCC1607', Rev: 2, Len: 15212
36:476  0:079    9. 8CEEE000: 'ASF!', 'XMCC1607', Rev: 32, Len: 165
36:548  0:072    10. 8CEED000: 'ASPT', 'XMCC1607', Rev: 7, Len: 52
36:620  0:071    11. 8CEEC000: 'BOOT', 'XMCC1607', Rev: 1, Len: 40
36:693  0:073    12. 8CEEB000: 'DBGP', 'XMCC1607', Rev: 1, Len: 52
36:770  0:076    13. 8CEE9000: 'HPET', 'XMCC1607', Rev: 1, Len: 56
36:843  0:072    14. 8CEE8000: 'APIC', 'XMCC1607', Rev: 3, Len: 188
36:916  0:072    15. 8CEE7000: 'MCFG', 'XMCC1607', Rev: 1, Len: 60
36:988  0:071    16. 8CEC3000: 'SSDT', 'XMCC1607', Rev: 2, Len: 995
37:070  0:082    17. 8CEC2000: 'SSDT', 'XMCC1607', Rev: 2, Len: 444
37:141  0:071    18. 8CEC1000: 'LPIT', 'XMCC1607', Rev: 1, Len: 148
37:220  0:078    19. 8CEC0000: 'WSMT', 'XMCC1607', Rev: 1, Len: 40
37:292  0:071    20. 8CEBE000: 'SSDT', 'XMCC1607', Rev: 2, Len: 671
37:365  0:073    21. 8CEBD000: 'SSDT', 'XMCC1607', Rev: 1, Len: 838
37:444  0:079    22. 8CEB9000: 'SSDT', 'XMCC1607', Rev: 2, Len: 12290
37:518  0:073    23. 8CEB8000: 'SSDT', 'XMCC1607', Rev: 2, Len: 1310
37:600  0:081    24. 8CEB7000: 'DBGP', 'XMCC1607', Rev: 1, Len: 52
37:671  0:071    25. 8CEB6000: 'DBG2', 'XMCC1607', Rev: 0, Len: 84
37:745  0:073    26. 8CEB4000: 'SSDT', 'XMCC1607', Rev: 2, Len: 4272
37:816  0:071    27. 8CEB3000: 'SSDT', 'XMCC1607', Rev: 2, Len: 3806
37:895  0:078    28. 8CEB2000: 'DMAR', 'XMCC1607', Rev: 1, Len: 204
37:966  0:071    29. 8CEB1000: 'FPDT', 'XMCC1607', Rev: 1, Len: 68
38:039  0:072    30. 8CEB0000: 'BGRT', 'XMCC1607', Rev: 1, Len: 56
53:365  15:325   boot with args: nv_disable=1 kext-dev-mode=1 rootless=0  -v  debug=0x100
53:510  0:145  BootVariable of the entry is empty
53:575  0:064  === [ StartLoader ] =======================================
54:578  1:003  Finally: ExternalClock=25MHz BusSpeed=100348kHz CPUFreq=1606MHz PIS: hw.busfrequency=100000000Hz
54:637  0:058  Loading boot.efi  status=Success
54:873  0:236  GetOSVersion: 10.13
54:931  0:058  CSR_CFG: CSR_ALLOW_UNTRUSTED_KEXTS | CSR_ALLOW_UNRESTRICTED_FS | CSR_ALLOW_TASK_FOR_PID | CSR_ALLOW_UNRESTRICTED_DTRACE | CSR_ALLOW_UNRESTRICTED_NVRAM
54:955  0:024  Filtering KextPatches:
54:979  0:023   - [00]:  com.apple.iokit.IOGraphicsFamily (Boot graphics glitch 10.12.x (IGPUs)) :: BinPatch :: [OS: 10.13 | MatchOS: 10.13.x | MatchBuild: All] ==> allowed
55:027  0:047   - [01]: AppleAPIC (Skylake APIC fix) :: BinPatch :: [OS: 10.13 | MatchOS: All | MatchBuild: All] ==> allowed
55:081  0:053   - [02]: com.apple.driver.AppleBacklight (AppleBacklightInjector.kext (credit RehabMan)) :: BinPatch :: [OS: 10.13 | MatchOS: All | MatchBuild: All] ==> allowed
55:128  0:047   - [03]: AppleAHCIPort (External icons patch) :: BinPatch :: [OS: 10.13 | MatchOS: All | MatchBuild: All] ==> allowed
55:176  0:047  Filtering KernelPatches:
55:201  0:024   - [00]: MSR 0xE2 _xcpm_idle instant reboot :: [OS: 10.13 | MatchOS: All | MatchBuild: no] ==> allowed by OS
55:249  0:048   - [01]: Disable panic kext logging on 10.13 Debug kernel :: [OS: 10.13 | MatchOS: 10.13 | MatchBuild: no] ==> allowed by OS
55:305  0:055   - [02]: Disable panic kext logging on 10.13 Release kernel :: [OS: 10.13 | MatchOS: 10.13 | MatchBuild: no] ==> allowed by OS
55:365  0:059  Will not patch boot.efi
55:388  0:023  === [ PatchSmbios ] =======================================
56:396  1:007  insert table 9 for dev 0:0
56:422  0:025  Injecting user memory modules to SMBIOS
56:456  0:033  Channels: 1
56:480  0:024  Interleave: 0 1 2 3 4 5 6 7 8 9 10 11 12 13 14 15 16 17 18 19 20 21 22 23
57:124  0:643  BANK 0 DIMM0 1800MHz 2048MB
57:148  0:024  BANK 1 DIMM1 1800MHz 2048MB
57:172  0:023  mTotalSystemMemory = 4096
57:196  0:023  NumberOfMemoryDevices = 2
57:220  0:023  Type20[0]->End = 0x1FFFFF, Type17[0] = 0x800
57:244  0:023  Type20[1]->End = 0x1FFFFF, Type17[1] = 0x1800
57:273  0:029  Table 131 is present, CPUType=31
57:297  0:023  Change to: C05
57:321  0:024  === [ PatchACPI ] =========================================
58:394  1:072  Xsdt reallocation done
58:418  0:023  old FADT length=10C
58:441  0:023   SignatureFixup: 0xFBA650C4 -> 0x0
58:465  0:024  DSDT found in Clover volume OEM folder: EFI\CLOVER\ACPI\patched\DSDT.aml
58:499  0:033  Apply DsdtFixMask=0x20008000
58:523  0:024     drop _DSM mask=0xFFFF
58:547  0:023  === [ FixBiosDsdt ] =======================================
59:565  1:018  VideoCard devID=0x591E8086
59:589  0:023  DisplayADR1[0] = 0x20000, DisplayADR2[0] = 0xFFFE
59:615  0:025  USBADR[0] = 0x140000 and PCIe = 0xFFFE
59:639  0:024  first CPU found at 15193 offset 15196
59:663  0:023  score candidate at 1518F
59:687  0:023  score inserted in acpi_cpu_score _PR_
59:711  0:023  Found ACPI CPU: CPU0 | CPU1 | CPU2 | CPU3 | CPU4 | CPU5 | CPU6 | CPU7 , within the score: _PR_
59:941  0:229  Found PCIROOTUID = 0
59:965  0:023  patch HDEF in DSDT 
59:990  0:025  Start HDA Fix
60:016  0:025  found HDA device NAME(_ADR,0x001F0003) And Name is HDEF
60:040  0:024  NewName HDEF already present, renaming impossible
60:072  0:032  _DSM in HDA already exists, dropped
60:096  0:024  PreCleanup XSDT: count=31, length=284
60:120  0:023  PreCleanup XSDT, corrected XSDT: count=31, length=284
60:146  0:025  === [ ACPIPatchedAML ] ====================================
61:090  0:944  AutoMerge pass 1
61:115  0:025  Unsorted
61:140  0:024  Inserting ssdt-rmne.aml from EFI\CLOVER\ACPI\patched: ignore on pass 1
61:187  0:047  === [ ACPIDropTables ] ====================================
62:124  0:936  Drop tables from XSDT, SIGN=DMAR TableID=XMCC1607 Length=204
62:148  0:023   Table[28]: DMAR  XMCC1607  204 dropped
62:172  0:023  === [ PatchAllSSDT ] ======================================
63:159  0:987  === [ ACPIPatchedAML ] ====================================
64:106  0:946  AutoMerge pass 2
64:132  0:025  Unsorted
64:156  0:023  Inserting ssdt-rmne.aml from EFI\CLOVER\ACPI\patched: size=212 ... Success
64:228  0:072  CPUBase=0 and ApicCPUBase=1 ApicCPUNum=8
64:253  0:025  Maximum control=0x10
64:285  0:032  Turbo control=0x1A
64:309  0:023  P-States: min 0x4, max 0x1A
64:333  0:023  SSDT with plugin-type without P-States is generated
64:365  0:032  Cleanup XSDT: count=33, length=300
64:392  0:026  corrected XSDT count=32, length=292
64:417  0:024  === [ RestSetup macOS ] ===================================
65:327  0:910  Intel HD Graphics 615 [8086:591E] :: PciRoot(0x0)\Pci(0x2,0x0)
65:353  0:025    Found Full HD Display - 16:9 :: Width=1920 Height=1080
65:377  0:024    Beginning DualLink auto-detection
65:401  0:023    High Resolution Display
65:425  0:023    AAPL00,DualLink = 1
65:449  0:023    FakeID Intel GFX: not set
65:481  0:032    ig-platform-id: not set
65:509  0:027    Beginning Intel GFX auto-detection with ACPI injection
65:533  0:024    Found FakeID Intel GFX = 0x591E8086
65:557  0:023    Found ig-platform-id = 0x591E0000
65:581  0:023  Intel GFX revision  = 0x2
65:605  0:024   RCBA disabled; cannot use it
65:634  0:029  stringlength = 2242
65:658  0:024  CurrentMode: Width=1920 Height=1080
65:690  0:031  Beginning FSInjection
FSInjectionInstall ...
- Our FSI_SIMPLE_FILE_SYSTEM_PROTOCOL installed on handle: 7AB50ED8
FSInjectionInstall ...
- Our FSI_SIMPLE_FILE_SYSTEM_PROTOCOL installed on handle: 7AB50ED8
65:719  0:029  Use origin smbios table type 1 guid.
65:744  0:025  Preparing kexts injection for arch=x86_64 from EFI\CLOVER\kexts\Other
65:770  0:025  Extra kext: EFI\CLOVER\kexts\Other\VoodooPS2Controller.kext (v.1.8.29)
65:819  0:048    |-- PlugIn kext: EFI\CLOVER\kexts\Other\VoodooPS2Controller.kext\Contents\PlugIns\VoodooPS2Trackpad.kext (v.1.8.29)
65:872  0:053    |-- PlugIn kext: EFI\CLOVER\kexts\Other\VoodooPS2Controller.kext\Contents\PlugIns\VoodooPS2Mouse.kext (v.1.8.29)
65:916  0:044    |-- PlugIn kext: EFI\CLOVER\kexts\Other\VoodooPS2Controller.kext\Contents\PlugIns\VoodooPS2Keyboard.kext (v.1.8.29)
65:980  0:063  Extra kext: EFI\CLOVER\kexts\Other\VoodooI2CHID.kext (v.1)
66:040  0:060  Extra kext: EFI\CLOVER\kexts\Other\VoodooI2C.kext (v.2.0.1)
66:096  0:055    |-- PlugIn kext: EFI\CLOVER\kexts\Other\VoodooI2C.kext\Contents\PlugIns\VoodooI2CServices.kext (v.1)
66:140  0:043    |-- PlugIn kext: EFI\CLOVER\kexts\Other\VoodooI2C.kext\Contents\PlugIns\VoodooGPIO.kext (v.1.1)
66:194  0:054  Extra kext: EFI\CLOVER\kexts\Other\USBInjectAll.kext (v.0.6.2)
67:573  1:378  Extra kext: EFI\CLOVER\kexts\Other\Shiki.kext (v.2.2.3)
67:625  0:052  Extra kext: EFI\CLOVER\kexts\Other\SATA-100-series-unsupported.kext (v.0.5.1)
67:669  0:044  Extra kext: EFI\CLOVER\kexts\Other\NullEthernet.kext (v.1.0.6)
67:717  0:047  Extra kext: EFI\CLOVER\kexts\Other\Lilu.kext (v.1.2.3)
67:768  0:051  Extra kext: EFI\CLOVER\kexts\Other\IntelGraphicsFixup.kext (v.1.2.4)
67:818  0:049  Extra kext: EFI\CLOVER\kexts\Other\IntelGraphicsDVMTFixup.kext (v.1.2.0)
67:870  0:052  Extra kext: EFI\CLOVER\kexts\Other\FakeSMC.kext (v.1765)
67:944  0:073  Extra kext: EFI\CLOVER\kexts\Other\CodecCommander.kext (v.2.6.3)
68:045  0:100  Extra kext: EFI\CLOVER\kexts\Other\AppleALC.kext (v.1.2.2)
68:114  0:069    |-- PlugIn kext: EFI\CLOVER\kexts\Other\AppleALC.kext\Contents\PlugIns\PinConfigs.kext (v.1.0.0)
69:141  1:026  Extra kext: EFI\CLOVER\kexts\Other\ACPIBatteryManager.kext (v.1.81.4)
69:311  0:170  Preparing kexts injection for arch=x86_64 from EFI\CLOVER\kexts\10.13
69:337  0:025  SetStartupDiskVolume:
69:361  0:023    * Volume: 'Install 10.13.3'
69:385  0:023    * LoaderPath: '\.IABootFiles\boot.efi'
69:409  0:023    * DevPath: Install 10.13.3
69:435  0:026    * GUID = <null guid>
69:466  0:031  Custom boot screen not used because entry has unset use graphics
69:492  0:025  Closing log
